Determining if the pthread_create exist failed with the following output:
Change Dir: /home/diego/catkin_ws/build/CMakeFiles/CMakeTmp

Run Build Command:/usr/bin/make "cmTryCompileExec2566750585/fast"
/usr/bin/make -f CMakeFiles/cmTryCompileExec2566750585.dir/build.make CMakeFiles/cmTryCompileExec2566750585.dir/build
make[1]: Entering directory `/home/diego/catkin_ws/build/CMakeFiles/CMakeTmp'
/usr/bin/cmake -E cmake_progress_report /home/diego/catkin_ws/build/CMakeFiles/CMakeTmp/CMakeFiles 1
Building C object CMakeFiles/cmTryCompileExec2566750585.dir/CheckSymbolExists.c.o
/usr/bin/cc    -o CMakeFiles/cmTryCompileExec2566750585.dir/CheckSymbolExists.c.o   -c /home/diego/catkin_ws/build/CMakeFiles/CMakeTmp/CheckSymbolExists.c
Linking C executable cmTryCompileExec2566750585
/usr/bin/cmake -E cmake_link_script CMakeFiles/cmTryCompileExec2566750585.dir/link.txt --verbose=1
/usr/bin/cc       CMakeFiles/cmTryCompileExec2566750585.dir/CheckSymbolExists.c.o  -o cmTryCompileExec2566750585 -rdynamic 
CMakeFiles/cmTryCompileExec2566750585.dir/CheckSymbolExists.c.o: In function `main':
CheckSymbolExists.c:(.text+0x16): undefined reference to `pthread_create'
collect2: error: ld returned 1 exit status
make[1]: Leaving directory `/home/diego/catkin_ws/build/CMakeFiles/CMakeTmp'
make[1]: *** [cmTryCompileExec2566750585] Error 1
make: *** [cmTryCompileExec2566750585/fast] Error 2

File /home/diego/catkin_ws/build/CMakeFiles/CMakeTmp/CheckSymbolExists.c:
/* */
#include <pthread.h>

int main(int argc, char** argv)
{
  (void)argv;
#ifndef pthread_create
  return ((int*)(&pthread_create))[argc];
#else
  (void)argc;
  return 0;
#endif
}

Determining if the function pthread_create exists in the pthreads failed with the following output:
Change Dir: /home/diego/catkin_ws/build/CMakeFiles/CMakeTmp

Run Build Command:/usr/bin/make "cmTryCompileExec4044974032/fast"
/usr/bin/make -f CMakeFiles/cmTryCompileExec4044974032.dir/build.make CMakeFiles/cmTryCompileExec4044974032.dir/build
make[1]: Entering directory `/home/diego/catkin_ws/build/CMakeFiles/CMakeTmp'
/usr/bin/cmake -E cmake_progress_report /home/diego/catkin_ws/build/CMakeFiles/CMakeTmp/CMakeFiles 1
Building C object CMakeFiles/cmTryCompileExec4044974032.dir/CheckFunctionExists.c.o
/usr/bin/cc   -DCHECK_FUNCTION_EXISTS=pthread_create   -o CMakeFiles/cmTryCompileExec4044974032.dir/CheckFunctionExists.c.o   -c /usr/share/cmake-2.8/Modules/CheckFunctionExists.c
Linking C executable cmTryCompileExec4044974032
/usr/bin/cmake -E cmake_link_script CMakeFiles/cmTryCompileExec4044974032.dir/link.txt --verbose=1
/usr/bin/cc   -DCHECK_FUNCTION_EXISTS=pthread_create    CMakeFiles/cmTryCompileExec4044974032.dir/CheckFunctionExists.c.o  -o cmTryCompileExec4044974032 -rdynamic -lpthreads 
/usr/bin/ld: cannot find -lpthreads
collect2: error: ld returned 1 exit status
make[1]: Leaving directory `/home/diego/catkin_ws/build/CMakeFiles/CMakeTmp'
make[1]: *** [cmTryCompileExec4044974032] Error 1
make: *** [cmTryCompileExec4044974032/fast] Error 2


